<?xml version="1.0" encoding="UTF-8"?>
<!-- Generated by org.testng.reporters.JUnitReportReporter -->
<testsuite hostname="NX00546" failures="0" tests="2" name="com.LilyCargo.TestCases.LoginTestCaseUsingConfigF" time="35.819" errors="0" timestamp="2024-09-19T15:06:54 PKT" skipped="0">
  <testcase classname="com.LilyCargo.TestCases.LoginTestCaseUsingConfigF" name="validLoginTest" time="13.493"/>
  <system-out/>
  <testcase classname="com.LilyCargo.TestCases.LoginTestCaseUsingConfigF" name="invalidLoginTest" time="22.326"/>
  <system-out/>
</testsuite> <!-- com.LilyCargo.TestCases.LoginTestCaseUsingConfigF -->
