<?xml version="1.0" encoding="UTF-8"?>
<!-- Generated by org.testng.reporters.JUnitReportReporter -->
<testsuite hostname="NX00546" failures="0" tests="2" name="SCMS.Cargo.TestCases.LoginTestCase" time="26.850" errors="0" timestamp="2024-09-09T18:33:27 PKT" skipped="0">
  <testcase classname="SCMS.Cargo.TestCases.LoginTestCase" name="validLoginTest" time="13.435"/>
  <system-out/>
  <testcase classname="SCMS.Cargo.TestCases.LoginTestCase" name="invalidLoginTest" time="13.415"/>
  <system-out/>
</testsuite> <!-- SCMS.Cargo.TestCases.LoginTestCase -->
