<?xml version="1.0" encoding="UTF-8"?>
<!-- Generated by org.testng.reporters.JUnitReportReporter -->
<testsuite hostname="NX00546" failures="0" tests="8" name="SCMS.Cargo.TestCases.LoginTestCaseUsingExcelF" time="20.882" errors="1" timestamp="2024-09-13T14:56:02 PKT" skipped="7">
  <testcase classname="SCMS.Cargo.TestCases.LoginTestCaseUsingExcelF" name="setup" time="20.882">
    <error message="java.lang.NoSuchMethodException: SCMS.Cargo.Pages.LoginTestPage.&lt;init&gt;()" type="java.lang.RuntimeException">
      <![CDATA[java.lang.RuntimeException: java.lang.NoSuchMethodException: SCMS.Cargo.Pages.LoginTestPage.<init>()
at org.openqa.selenium.support.PageFactory.instantiatePage(PageFactory.java:130)
at org.openqa.selenium.support.PageFactory.initElements(PageFactory.java:62)
at SCMS.Cargo.TestCases.LoginTestCaseUsingExcelF.setup(LoginTestCaseUsingExcelF.java:29)
at java.base/jdk.internal.reflect.DirectMethodHandleAccessor.invoke(DirectMethodHandleAccessor.java:103)
at java.base/java.lang.reflect.Method.invoke(Method.java:580)
at org.testng.internal.MethodInvocationHelper.invokeMethod(MethodInvocationHelper.java:133)
at org.testng.internal.MethodInvocationHelper.invokeMethodConsideringTimeout(MethodInvocationHelper.java:62)
at org.testng.internal.ConfigInvoker.invokeConfigurationMethod(ConfigInvoker.java:385)
at org.testng.internal.ConfigInvoker.invokeConfigurations(ConfigInvoker.java:321)
at org.testng.internal.TestInvoker.runConfigMethods(TestInvoker.java:700)
at org.testng.internal.TestInvoker.invokeMethod(TestInvoker.java:527)
at org.testng.internal.TestInvoker.invokeTestMethod(TestInvoker.java:173)
at org.testng.internal.MethodRunner.runInSequence(MethodRunner.java:46)
at org.testng.internal.TestInvoker$MethodInvocationAgent.invoke(TestInvoker.java:824)
at org.testng.internal.TestInvoker.invokeTestMethods(TestInvoker.java:146)
at org.testng.internal.TestMethodWorker.invokeTestMethods(TestMethodWorker.java:146)
at org.testng.internal.TestMethodWorker.run(TestMethodWorker.java:128)
at java.base/java.util.ArrayList.forEach(ArrayList.java:1596)
at org.testng.TestRunner.privateRun(TestRunner.java:794)
at org.testng.TestRunner.run(TestRunner.java:596)
at org.testng.SuiteRunner.runTest(SuiteRunner.java:377)
at org.testng.SuiteRunner.runSequentially(SuiteRunner.java:371)
at org.testng.SuiteRunner.privateRun(SuiteRunner.java:332)
at org.testng.SuiteRunner.run(SuiteRunner.java:276)
at org.testng.SuiteRunnerWorker.runSuite(SuiteRunnerWorker.java:53)
at org.testng.SuiteRunnerWorker.run(SuiteRunnerWorker.java:96)
at org.testng.TestNG.runSuitesSequentially(TestNG.java:1212)
at org.testng.TestNG.runSuitesLocally(TestNG.java:1134)
at org.testng.TestNG.runSuites(TestNG.java:1063)
at org.testng.TestNG.run(TestNG.java:1031)
at org.testng.remote.AbstractRemoteTestNG.run(AbstractRemoteTestNG.java:115)
at org.testng.remote.RemoteTestNG.initAndRun(RemoteTestNG.java:251)
at org.testng.remote.RemoteTestNG.main(RemoteTestNG.java:77)
Caused by: java.lang.NoSuchMethodException: SCMS.Cargo.Pages.LoginTestPage.<init>()
at java.base/java.lang.Class.getConstructor0(Class.java:3761)
at java.base/java.lang.Class.getDeclaredConstructor(Class.java:2930)
at org.openqa.selenium.support.PageFactory.instantiatePage(PageFactory.java:127)
... 32 more
]]>
    </error>
  </testcase> <!-- setup -->
  <system-out/>
  <testcase classname="SCMS.Cargo.TestCases.LoginTestCaseUsingExcelF" name="validLoginTest" time="0.000">
    <skipped/>
  </testcase> <!-- validLoginTest -->
  <system-out/>
  <testcase classname="SCMS.Cargo.TestCases.LoginTestCaseUsingExcelF" name="validLoginTest" time="0.000">
    <skipped/>
  </testcase> <!-- validLoginTest -->
  <system-out/>
  <testcase classname="SCMS.Cargo.TestCases.LoginTestCaseUsingExcelF" name="validLoginTest" time="0.000">
    <skipped/>
  </testcase> <!-- validLoginTest -->
  <system-out/>
  <testcase classname="SCMS.Cargo.TestCases.LoginTestCaseUsingExcelF" name="validLoginTest" time="0.000">
    <skipped/>
  </testcase> <!-- validLoginTest -->
  <system-out/>
  <testcase classname="SCMS.Cargo.TestCases.LoginTestCaseUsingExcelF" name="validLoginTest" time="0.000">
    <skipped/>
  </testcase> <!-- validLoginTest -->
  <system-out/>
  <testcase classname="SCMS.Cargo.TestCases.LoginTestCaseUsingExcelF" name="validLoginTest" time="0.000">
    <skipped/>
  </testcase> <!-- validLoginTest -->
  <system-out/>
  <testcase classname="SCMS.Cargo.TestCases.LoginTestCaseUsingExcelF" name="validLoginTest" time="0.000">
    <skipped/>
  </testcase> <!-- validLoginTest -->
  <system-out/>
</testsuite> <!-- SCMS.Cargo.TestCases.LoginTestCaseUsingExcelF -->
