<?xml version="1.0" encoding="UTF-8"?>
<!-- Generated by org.testng.reporters.JUnitReportReporter -->
<testsuite hostname="NX00546" failures="0" tests="1" name="SCMS.Cargo.TestCases.EditFreightFDPTestCase" time="29.164" errors="0" timestamp="2024-09-18T14:40:46 PKT" skipped="0">
  <testcase classname="SCMS.Cargo.TestCases.EditFreightFDPTestCase" name="EditFreightTest" time="29.164"/>
  <system-out/>
</testsuite> <!-- SCMS.Cargo.TestCases.EditFreightFDPTestCase -->
