<?xml version="1.0" encoding="UTF-8"?>
<!-- Generated by org.testng.reporters.JUnitReportReporter -->
<testsuite hostname="NX00546" failures="0" tests="1" name="SCMS.Cargo.TestCases.EditFreightFLVTestCase" time="48.983" errors="0" timestamp="2024-09-18T14:40:02 PKT" skipped="0">
  <testcase classname="SCMS.Cargo.TestCases.EditFreightFLVTestCase" name="EditFreightTest" time="48.983"/>
  <system-out/>
</testsuite> <!-- SCMS.Cargo.TestCases.EditFreightFLVTestCase -->
