<?xml version="1.0" encoding="UTF-8"?>
<!-- Generated by org.testng.reporters.JUnitReportReporter -->
<testsuite hostname="NX00546" failures="0" tests="1" name="SCMS.Cargo.TestCases.EditFreightFLPTestCase" time="64.424" errors="0" timestamp="2024-09-16T15:43:49 PKT" skipped="0">
  <testcase classname="SCMS.Cargo.TestCases.EditFreightFLPTestCase" name="EditFreightTest" time="64.424"/>
  <system-out/>
</testsuite> <!-- SCMS.Cargo.TestCases.EditFreightFLPTestCase -->
