<?xml version="1.0" encoding="UTF-8"?>
<!-- Generated by org.testng.reporters.JUnitReportReporter -->
<testsuite hostname="NX00546" failures="0" tests="2" name="SCMS.Cargo.TestCases.LoginTestCaseUsingConfigF" time="31.179" errors="0" timestamp="2024-09-16T15:11:07 PKT" skipped="0">
  <testcase classname="SCMS.Cargo.TestCases.LoginTestCaseUsingConfigF" name="validLoginTest" time="15.184"/>
  <system-out/>
  <testcase classname="SCMS.Cargo.TestCases.LoginTestCaseUsingConfigF" name="invalidLoginTest" time="15.995"/>
  <system-out/>
</testsuite> <!-- SCMS.Cargo.TestCases.LoginTestCaseUsingConfigF -->
