<?xml version="1.0" encoding="UTF-8"?>
<!-- Generated by org.testng.reporters.JUnitReportReporter -->
<testsuite hostname="NX00546" failures="0" tests="1" name="com.LilyCargo.TestCases.CarrierAddTest" time="29.730" errors="0" timestamp="2024-09-19T15:51:04 PKT" skipped="0">
  <testcase classname="com.LilyCargo.TestCases.CarrierAddTest" name="AddCarrierTest" time="29.730"/>
  <system-out/>
</testsuite> <!-- com.LilyCargo.TestCases.CarrierAddTest -->
